[debug] [2025-09-30T18:48:35.806Z] ----------------------------------------------------------------------
[debug] [2025-09-30T18:48:35.808Z] Command:       /home/satsadmin/.nvm/versions/node/v20.19.0/bin/node /home/satsadmin/.nvm/versions/node/v20.19.0/bin/firebase functions:shell
[debug] [2025-09-30T18:48:35.808Z] CLI Version:   14.17.0
[debug] [2025-09-30T18:48:35.808Z] Platform:      linux
[debug] [2025-09-30T18:48:35.808Z] Node Version:  v20.19.0
[debug] [2025-09-30T18:48:35.808Z] Time:          Tue Sep 30 2025 21:48:35 GMT+0300 (Arabian Standard Time)
[debug] [2025-09-30T18:48:35.808Z] ----------------------------------------------------------------------
[debug] 
[debug] [2025-09-30T18:48:35.999Z] > command requires scopes: ["email","openid","https://www.googleapis.com/auth/cloudplatformprojects.readonly","https://www.googleapis.com/auth/firebase","https://www.googleapis.com/auth/cloud-platform"]
[debug] [2025-09-30T18:48:35.999Z] > authorizing via signed-in user (ajmalummer30@gmail.com)
[debug] [2025-09-30T18:48:35.999Z] [iam] checking project visitor-management-f46e8 for permissions ["firebase.projects.get"]
[debug] [2025-09-30T18:48:35.999Z] Checked if tokens are valid: true, expires at: 1759259172858
[debug] [2025-09-30T18:48:36.000Z] Checked if tokens are valid: true, expires at: 1759259172858
[debug] [2025-09-30T18:48:36.000Z] >>> [apiv2][query] POST https://cloudresourcemanager.googleapis.com/v1/projects/visitor-management-f46e8:testIamPermissions [none]
[debug] [2025-09-30T18:48:36.000Z] >>> [apiv2][(partial)header] POST https://cloudresourcemanager.googleapis.com/v1/projects/visitor-management-f46e8:testIamPermissions x-goog-quota-user=projects/visitor-management-f46e8
[debug] [2025-09-30T18:48:36.000Z] >>> [apiv2][body] POST https://cloudresourcemanager.googleapis.com/v1/projects/visitor-management-f46e8:testIamPermissions {"permissions":["firebase.projects.get"]}
[debug] [2025-09-30T18:48:36.408Z] <<< [apiv2][status] POST https://cloudresourcemanager.googleapis.com/v1/projects/visitor-management-f46e8:testIamPermissions 200
[debug] [2025-09-30T18:48:36.408Z] <<< [apiv2][body] POST https://cloudresourcemanager.googleapis.com/v1/projects/visitor-management-f46e8:testIamPermissions {"permissions":["firebase.projects.get"]}
[debug] [2025-09-30T18:48:36.408Z] Emulator locator file path: /tmp/hub-visitor-management-f46e8.json
[debug] [2025-09-30T18:48:36.411Z] [functions] Functions Emulator only supports listening on one address (127.0.0.1). Not listening on ::1
[debug] [2025-09-30T18:48:36.434Z] defaultcredentials: writing to file /home/satsadmin/.config/firebase/ajmalummer30_gmail_com_application_default_credentials.json
[debug] [2025-09-30T18:48:36.436Z] DEBUG: Setting GAC to /home/satsadmin/.config/firebase/ajmalummer30_gmail_com_application_default_credentials.json
[debug] [2025-09-30T18:48:36.436Z] Checked if tokens are valid: true, expires at: 1759259172858
[debug] [2025-09-30T18:48:36.436Z] Checked if tokens are valid: true, expires at: 1759259172858
[debug] [2025-09-30T18:48:36.436Z] >>> [apiv2][query] GET https://firebase.googleapis.com/v1beta1/projects/visitor-management-f46e8/adminSdkConfig [none]
[debug] [2025-09-30T18:48:37.735Z] <<< [apiv2][status] GET https://firebase.googleapis.com/v1beta1/projects/visitor-management-f46e8/adminSdkConfig 200
[debug] [2025-09-30T18:48:37.735Z] <<< [apiv2][body] GET https://firebase.googleapis.com/v1beta1/projects/visitor-management-f46e8/adminSdkConfig {"projectId":"visitor-management-f46e8","storageBucket":"visitor-management-f46e8.firebasestorage.app"}
[debug] [2025-09-30T18:48:37.743Z] [functions] Watching "/home/satsadmin/visitormgmt/my-app/functions" for Cloud Functions...
[debug] [2025-09-30T18:48:37.746Z] Validating nodejs source
[debug] [2025-09-30T18:48:38.380Z] > [functions] package.json contents: {
  "name": "functions",
  "description": "Cloud Functions for Firebase",
  "scripts": {
    "lint": "eslint .",
    "serve": "firebase emulators:start --only functions",
    "shell": "firebase functions:shell",
    "start": "npm run shell",
    "deploy": "firebase deploy --only functions",
    "logs": "firebase functions:log"
  },
  "engines": {
    "node": "20"
  },
  "main": "index.js",
  "dependencies": {
    "firebase-admin": "^12.7.0",
    "firebase-functions": "^6.4.0"
  },
  "devDependencies": {
    "eslint": "^8.15.0",
    "eslint-config-google": "^0.14.0",
    "firebase-functions-test": "^3.1.0"
  },
  "private": true
}
[debug] [2025-09-30T18:48:38.381Z] Building nodejs source
[debug] [2025-09-30T18:48:38.381Z] Failed to find version of module node: reached end of search path /home/satsadmin/visitormgmt/my-app/functions/node_modules
[info] ✔  functions: Using node@20 from host. 
[debug] [2025-09-30T18:48:38.383Z] Could not find functions.yaml. Must use http discovery
[debug] [2025-09-30T18:48:38.384Z] Found firebase-functions binary at '/home/satsadmin/visitormgmt/my-app/functions/node_modules/.bin/firebase-functions'
[info] Serving at port 8954

[debug] [2025-09-30T18:48:38.689Z] Got response from /__/functions.yaml {"endpoints":{"addUserToFirestore":{"platform":"gcfv1","availableMemoryMb":null,"timeoutSeconds":null,"minInstances":null,"maxInstances":null,"ingressSettings":null,"serviceAccountEmail":null,"vpc":null,"eventTrigger":{"eventType":"providers/firebase.auth/eventTypes/user.create","eventFilters":{"resource":"projects/visitor-management-f46e8"},"retry":false},"labels":{},"entryPoint":"addUserToFirestore"}},"specVersion":"v1alpha1","requiredAPIs":[],"extensions":{}}
[debug] [2025-09-30T18:48:42.711Z] [functions] Loaded functions definitions from source: addUserToFirestore.
[debug] [2025-09-30T18:48:42.712Z] addAuthTrigger {"eventTrigger":{"eventType":"providers/firebase.auth/eventTypes/user.create","resource":"projects/visitor-management-f46e8"}}
[debug] [2025-09-30T18:48:42.712Z] [functions[us-central1-addUserToFirestore]] auth function initialized.
[debug] [2025-09-30T18:48:42.712Z] [functions] Watching "/home/satsadmin/visitormgmt/my-app/admin" for Cloud Functions...
[debug] [2025-09-30T18:48:42.713Z] Validating nodejs source
[debug] [2025-09-30T18:48:43.282Z] > [functions] package.json contents: {
  "name": "functions",
  "description": "Cloud Functions for Firebase",
  "scripts": {
    "serve": "firebase emulators:start --only functions",
    "shell": "firebase functions:shell",
    "start": "npm run shell",
    "deploy": "firebase deploy --only functions",
    "logs": "firebase functions:log"
  },
  "engines": {
    "node": "22"
  },
  "main": "index.js",
  "dependencies": {
    "firebase-admin": "^12.6.0",
    "firebase-functions": "^6.0.1"
  },
  "devDependencies": {
    "firebase-functions-test": "^3.1.0"
  },
  "private": true
}
[debug] [2025-09-30T18:48:43.282Z] Building nodejs source
[debug] [2025-09-30T18:48:43.283Z] Failed to find version of module node: reached end of search path /home/satsadmin/visitormgmt/my-app/admin/node_modules
[warn] ⚠  functions: Your requested "node" version "22" doesn't match your global version "20". Using node@20 from host. 
[debug] [2025-09-30T18:48:43.283Z] Could not find functions.yaml. Must use http discovery
[debug] [2025-09-30T18:48:43.284Z] Found firebase-functions binary at '/home/satsadmin/visitormgmt/my-app/admin/node_modules/.bin/firebase-functions'
[info] Serving at port 8515

[debug] [2025-09-30T18:48:43.559Z] Got response from /__/functions.yaml {"endpoints":{},"specVersion":"v1alpha1","requiredAPIs":[],"extensions":{}}
[debug] [2025-09-30T18:48:47.566Z] [functions] Loaded functions definitions from source: .
[info] i  functions: Loaded functions: addUserToFirestore 
[warn] ⚠  functions: The following emulators are not running, calls to these services will affect production: firestore, database, pubsub, storage, eventarc, tasks 
