[debug] [2025-09-30T18:57:44.982Z] ----------------------------------------------------------------------
[debug] [2025-09-30T18:57:44.984Z] Command:       /home/satsadmin/.nvm/versions/node/v20.19.0/bin/node /home/satsadmin/.nvm/versions/node/v20.19.0/bin/firebase deploy --only functions
[debug] [2025-09-30T18:57:44.984Z] CLI Version:   14.17.0
[debug] [2025-09-30T18:57:44.984Z] Platform:      linux
[debug] [2025-09-30T18:57:44.984Z] Node Version:  v20.19.0
[debug] [2025-09-30T18:57:44.984Z] Time:          Tue Sep 30 2025 21:57:44 GMT+0300 (Arabian Standard Time)
[debug] [2025-09-30T18:57:44.984Z] ----------------------------------------------------------------------
[debug] 
[debug] [2025-09-30T18:57:45.116Z] > command requires scopes: ["email","openid","https://www.googleapis.com/auth/cloudplatformprojects.readonly","https://www.googleapis.com/auth/firebase","https://www.googleapis.com/auth/cloud-platform"]
[debug] [2025-09-30T18:57:45.117Z] > authorizing via signed-in user (ajmalummer30@gmail.com)
[debug] [2025-09-30T18:57:45.117Z] [iam] checking project visitor-management-f46e8 for permissions ["cloudfunctions.functions.create","cloudfunctions.functions.delete","cloudfunctions.functions.get","cloudfunctions.functions.list","cloudfunctions.functions.update","cloudfunctions.operations.get","firebase.projects.get"]
[debug] [2025-09-30T18:57:45.117Z] Checked if tokens are valid: false, expires at: 1759259172858
[debug] [2025-09-30T18:57:45.118Z] Checked if tokens are valid: false, expires at: 1759259172858
[debug] [2025-09-30T18:57:45.118Z] > refreshing access token with scopes: []
[debug] [2025-09-30T18:57:45.119Z] >>> [apiv2][query] POST https://www.googleapis.com/oauth2/v3/token [none]
[debug] [2025-09-30T18:57:45.119Z] >>> [apiv2][body] POST https://www.googleapis.com/oauth2/v3/token [omitted]
[debug] [2025-09-30T18:57:45.561Z] <<< [apiv2][status] POST https://www.googleapis.com/oauth2/v3/token 200
[debug] [2025-09-30T18:57:45.561Z] <<< [apiv2][body] POST https://www.googleapis.com/oauth2/v3/token [omitted]
[debug] [2025-09-30T18:57:45.570Z] >>> [apiv2][query] POST https://cloudresourcemanager.googleapis.com/v1/projects/visitor-management-f46e8:testIamPermissions [none]
[debug] [2025-09-30T18:57:45.570Z] >>> [apiv2][(partial)header] POST https://cloudresourcemanager.googleapis.com/v1/projects/visitor-management-f46e8:testIamPermissions x-goog-quota-user=projects/visitor-management-f46e8
[debug] [2025-09-30T18:57:45.570Z] >>> [apiv2][body] POST https://cloudresourcemanager.googleapis.com/v1/projects/visitor-management-f46e8:testIamPermissions {"permissions":["cloudfunctions.functions.create","cloudfunctions.functions.delete","cloudfunctions.functions.get","cloudfunctions.functions.list","cloudfunctions.functions.update","cloudfunctions.operations.get","firebase.projects.get"]}
[debug] [2025-09-30T18:57:46.096Z] <<< [apiv2][status] POST https://cloudresourcemanager.googleapis.com/v1/projects/visitor-management-f46e8:testIamPermissions 200
[debug] [2025-09-30T18:57:46.096Z] <<< [apiv2][body] POST https://cloudresourcemanager.googleapis.com/v1/projects/visitor-management-f46e8:testIamPermissions {"permissions":["cloudfunctions.functions.create","cloudfunctions.functions.delete","cloudfunctions.functions.get","cloudfunctions.functions.list","cloudfunctions.functions.update","cloudfunctions.operations.get","firebase.projects.get"]}
[debug] [2025-09-30T18:57:46.097Z] Checked if tokens are valid: true, expires at: 1759262264561
[debug] [2025-09-30T18:57:46.097Z] Checked if tokens are valid: true, expires at: 1759262264561
[debug] [2025-09-30T18:57:46.097Z] >>> [apiv2][query] POST https://iam.googleapis.com/v1/projects/visitor-management-f46e8/serviceAccounts/visitor-management-f46e8@appspot.gserviceaccount.com:testIamPermissions [none]
[debug] [2025-09-30T18:57:46.097Z] >>> [apiv2][body] POST https://iam.googleapis.com/v1/projects/visitor-management-f46e8/serviceAccounts/visitor-management-f46e8@appspot.gserviceaccount.com:testIamPermissions {"permissions":["iam.serviceAccounts.actAs"]}
[debug] [2025-09-30T18:57:46.791Z] <<< [apiv2][status] POST https://iam.googleapis.com/v1/projects/visitor-management-f46e8/serviceAccounts/visitor-management-f46e8@appspot.gserviceaccount.com:testIamPermissions 200
[debug] [2025-09-30T18:57:46.791Z] <<< [apiv2][body] POST https://iam.googleapis.com/v1/projects/visitor-management-f46e8/serviceAccounts/visitor-management-f46e8@appspot.gserviceaccount.com:testIamPermissions {"permissions":["iam.serviceAccounts.actAs"]}
[info] 
[info] === Deploying to 'visitor-management-f46e8'...
[info] 
[info] i  deploying functions 
[info] Running command: npm --prefix "$RESOURCE_DIR" run lint
[info] ✔  functions: Finished running predeploy script. 
[debug] [2025-09-30T18:57:48.715Z] Checked if tokens are valid: true, expires at: 1759262264561
[debug] [2025-09-30T18:57:48.715Z] Checked if tokens are valid: true, expires at: 1759262264561
[debug] [2025-09-30T18:57:48.715Z] >>> [apiv2][query] GET https://cloudresourcemanager.googleapis.com/v1/projects/visitor-management-f46e8 [none]
[debug] [2025-09-30T18:57:49.041Z] <<< [apiv2][status] GET https://cloudresourcemanager.googleapis.com/v1/projects/visitor-management-f46e8 200
[debug] [2025-09-30T18:57:49.041Z] <<< [apiv2][body] GET https://cloudresourcemanager.googleapis.com/v1/projects/visitor-management-f46e8 {"projectNumber":"1073869558746","projectId":"visitor-management-f46e8","lifecycleState":"ACTIVE","name":"Visitor Management","labels":{"firebase":"enabled","firebase-core":"disabled"},"createTime":"2025-09-25T05:57:00.820721Z"}
[info] i  functions: preparing codebase default for deployment 
[info] i  functions: preparing codebase admin for deployment 
[info] i  functions: ensuring required API cloudfunctions.googleapis.com is enabled... 
[info] i  functions: ensuring required API cloudbuild.googleapis.com is enabled... 
[info] i  artifactregistry: ensuring required API artifactregistry.googleapis.com is enabled... 
[debug] [2025-09-30T18:57:49.042Z] Checked if tokens are valid: true, expires at: 1759262264561
[debug] [2025-09-30T18:57:49.042Z] Checked if tokens are valid: true, expires at: 1759262264561
[debug] [2025-09-30T18:57:49.042Z] >>> [apiv2][query] GET https://firebase.googleapis.com/v1beta1/projects/visitor-management-f46e8/adminSdkConfig [none]
[debug] [2025-09-30T18:57:49.805Z] <<< [apiv2][status] GET https://firebase.googleapis.com/v1beta1/projects/visitor-management-f46e8/adminSdkConfig 200
[debug] [2025-09-30T18:57:49.805Z] <<< [apiv2][body] GET https://firebase.googleapis.com/v1beta1/projects/visitor-management-f46e8/adminSdkConfig {"projectId":"visitor-management-f46e8","storageBucket":"visitor-management-f46e8.firebasestorage.app"}
[debug] [2025-09-30T18:57:49.805Z] Checked if tokens are valid: true, expires at: 1759262264561
[debug] [2025-09-30T18:57:49.805Z] Checked if tokens are valid: true, expires at: 1759262264561
[debug] [2025-09-30T18:57:49.805Z] >>> [apiv2][query] GET https://runtimeconfig.googleapis.com/v1beta1/projects/visitor-management-f46e8/configs [none]
[debug] [2025-09-30T18:57:50.473Z] <<< [apiv2][status] GET https://runtimeconfig.googleapis.com/v1beta1/projects/visitor-management-f46e8/configs 200
[debug] [2025-09-30T18:57:50.473Z] <<< [apiv2][body] GET https://runtimeconfig.googleapis.com/v1beta1/projects/visitor-management-f46e8/configs {}
[debug] [2025-09-30T18:57:50.474Z] Validating nodejs source
[debug] [2025-09-30T18:57:51.508Z] > [functions] package.json contents: {
  "name": "functions",
  "description": "Cloud Functions for Firebase",
  "scripts": {
    "lint": "eslint .",
    "serve": "firebase emulators:start --only functions",
    "shell": "firebase functions:shell",
    "start": "npm run shell",
    "deploy": "firebase deploy --only functions",
    "logs": "firebase functions:log"
  },
  "engines": {
    "node": "20"
  },
  "main": "index.js",
  "dependencies": {
    "firebase-admin": "^12.7.0",
    "firebase-functions": "^6.4.0"
  },
  "devDependencies": {
    "eslint": "^8.15.0",
    "eslint-config-google": "^0.14.0",
    "firebase-functions-test": "^3.1.0"
  },
  "private": true
}
[debug] [2025-09-30T18:57:51.508Z] Building nodejs source
[info] i  functions: Loading and analyzing source code for codebase default to determine what to deploy 
[debug] [2025-09-30T18:57:51.509Z] Could not find functions.yaml. Must use http discovery
[debug] [2025-09-30T18:57:51.512Z] Found firebase-functions binary at '/home/satsadmin/visitormgmt/my-app/functions/node_modules/.bin/firebase-functions'
[info] Serving at port 8076

[debug] [2025-09-30T18:57:51.818Z] Got response from /__/functions.yaml {"endpoints":{"addUserToFirestore":{"platform":"gcfv1","availableMemoryMb":null,"timeoutSeconds":null,"minInstances":null,"maxInstances":null,"ingressSettings":null,"serviceAccountEmail":null,"vpc":null,"eventTrigger":{"eventType":"providers/firebase.auth/eventTypes/user.create","eventFilters":{"resource":"projects/visitor-management-f46e8"},"retry":false},"labels":{},"entryPoint":"addUserToFirestore"}},"specVersion":"v1alpha1","requiredAPIs":[],"extensions":{}}
[debug] [2025-09-30T18:57:55.842Z] Validating nodejs source
[debug] [2025-09-30T18:57:56.532Z] > [functions] package.json contents: {
  "name": "functions",
  "description": "Cloud Functions for Firebase",
  "scripts": {
    "serve": "firebase emulators:start --only functions",
    "shell": "firebase functions:shell",
    "start": "npm run shell",
    "deploy": "firebase deploy --only functions",
    "logs": "firebase functions:log"
  },
  "engines": {
    "node": "22"
  },
  "main": "index.js",
  "dependencies": {
    "firebase-admin": "^12.6.0",
    "firebase-functions": "^6.0.1"
  },
  "devDependencies": {
    "firebase-functions-test": "^3.1.0"
  },
  "private": true
}
[debug] [2025-09-30T18:57:56.532Z] Building nodejs source
[info] i  functions: Loading and analyzing source code for codebase admin to determine what to deploy 
[debug] [2025-09-30T18:57:56.532Z] Could not find functions.yaml. Must use http discovery
[debug] [2025-09-30T18:57:56.535Z] Found firebase-functions binary at '/home/satsadmin/visitormgmt/my-app/admin/node_modules/.bin/firebase-functions'
[info] Serving at port 8902

[debug] [2025-09-30T18:57:56.903Z] Got response from /__/functions.yaml {"endpoints":{},"specVersion":"v1alpha1","requiredAPIs":[],"extensions":{}}
[info] i  extensions: ensuring required API firebaseextensions.googleapis.com is enabled... 
[debug] [2025-09-30T18:58:00.912Z] > command requires scopes: ["email","openid","https://www.googleapis.com/auth/cloudplatformprojects.readonly","https://www.googleapis.com/auth/firebase","https://www.googleapis.com/auth/cloud-platform"]
[debug] [2025-09-30T18:58:00.912Z] > authorizing via signed-in user (ajmalummer30@gmail.com)
[debug] [2025-09-30T18:58:00.912Z] [iam] checking project visitor-management-f46e8 for permissions ["firebase.projects.get","firebaseextensions.instances.list"]
[debug] [2025-09-30T18:58:00.912Z] Checked if tokens are valid: true, expires at: 1759262264561
[debug] [2025-09-30T18:58:00.912Z] Checked if tokens are valid: true, expires at: 1759262264561
[debug] [2025-09-30T18:58:00.913Z] >>> [apiv2][query] POST https://cloudresourcemanager.googleapis.com/v1/projects/visitor-management-f46e8:testIamPermissions [none]
[debug] [2025-09-30T18:58:00.913Z] >>> [apiv2][(partial)header] POST https://cloudresourcemanager.googleapis.com/v1/projects/visitor-management-f46e8:testIamPermissions x-goog-quota-user=projects/visitor-management-f46e8
[debug] [2025-09-30T18:58:00.913Z] >>> [apiv2][body] POST https://cloudresourcemanager.googleapis.com/v1/projects/visitor-management-f46e8:testIamPermissions {"permissions":["firebase.projects.get","firebaseextensions.instances.list"]}
[debug] [2025-09-30T18:58:01.329Z] <<< [apiv2][status] POST https://cloudresourcemanager.googleapis.com/v1/projects/visitor-management-f46e8:testIamPermissions 200
[debug] [2025-09-30T18:58:01.329Z] <<< [apiv2][body] POST https://cloudresourcemanager.googleapis.com/v1/projects/visitor-management-f46e8:testIamPermissions {"permissions":["firebase.projects.get","firebaseextensions.instances.list"]}
[debug] [2025-09-30T18:58:01.330Z] Checked if tokens are valid: true, expires at: 1759262264561
[debug] [2025-09-30T18:58:01.330Z] Checked if tokens are valid: true, expires at: 1759262264561
[debug] [2025-09-30T18:58:01.330Z] >>> [apiv2][query] GET https://firebaseextensions.googleapis.com/v1beta/projects/visitor-management-f46e8/instances pageSize=100&pageToken=
[debug] [2025-09-30T18:58:03.165Z] <<< [apiv2][status] GET https://firebaseextensions.googleapis.com/v1beta/projects/visitor-management-f46e8/instances 200
[debug] [2025-09-30T18:58:03.166Z] <<< [apiv2][body] GET https://firebaseextensions.googleapis.com/v1beta/projects/visitor-management-f46e8/instances {}
[info] i  functions: preparing functions directory for uploading... 
[info] i  functions: packaged /home/satsadmin/visitormgmt/my-app/functions (77.37 KB) for uploading 
[debug] [2025-09-30T18:58:03.197Z] Checked if tokens are valid: true, expires at: 1759262264561
[debug] [2025-09-30T18:58:03.197Z] Checked if tokens are valid: true, expires at: 1759262264561
[debug] [2025-09-30T18:58:03.197Z] >>> [apiv2][query] GET https://cloudfunctions.googleapis.com/v1/projects/visitor-management-f46e8/locations/-/functions [none]
[debug] [2025-09-30T18:58:04.097Z] <<< [apiv2][status] GET https://cloudfunctions.googleapis.com/v1/projects/visitor-management-f46e8/locations/-/functions 200
[debug] [2025-09-30T18:58:04.097Z] <<< [apiv2][body] GET https://cloudfunctions.googleapis.com/v1/projects/visitor-management-f46e8/locations/-/functions {"functions":[{"name":"projects/visitor-management-f46e8/locations/us-central1/functions/addUserToFirestore","eventTrigger":{"eventType":"providers/firebase.auth/eventTypes/user.create","resource":"projects/visitor-management-f46e8","service":"firebaseauth.googleapis.com","failurePolicy":{}},"status":"ACTIVE","entryPoint":"addUserToFirestore","timeout":"60s","availableMemoryMb":256,"serviceAccountEmail":"visitor-management-f46e8@appspot.gserviceaccount.com","updateTime":"2025-09-30T18:44:41.899Z","versionId":"2","labels":{"deployment-tool":"cli-firebase","firebase-functions-hash":"85fb681b2b839903db70b9624615a5de9e5462c3"},"sourceUploadUrl":"https://storage.googleapis.com/uploads-399703953209.us-central1.cloudfunctions.appspot.com/6edefec3-b6f9-4fc8-b22c-93ce7e0a6cde.zip","environmentVariables":{"FIREBASE_CONFIG":"{\"projectId\":\"visitor-management-f46e8\",\"storageBucket\":\"visitor-management-f46e8.firebasestorage.app\"}","GCLOUD_PROJECT":"visitor-management-f46e8","EVENTARC_CLOUD_EVENT_SOURCE":"projects/visitor-management-f46e8/locations/us-central1/functions/addUserToFirestore"},"runtime":"nodejs20","maxInstances":3000,"ingressSettings":"ALLOW_ALL","buildId":"4e4c37cc-fe9c-4d66-bd15-6aa258d34cf2","buildEnvironmentVariables":{"GOOGLE_NODE_RUN_SCRIPTS":""},"buildName":"projects/1073869558746/locations/us-central1/builds/4e4c37cc-fe9c-4d66-bd15-6aa258d34cf2","dockerRegistry":"ARTIFACT_REGISTRY","automaticUpdatePolicy":{},"buildServiceAccount":"projects/visitor-management-f46e8/serviceAccounts/1073869558746-compute@developer.gserviceaccount.com","satisfiesPzi":true}]}
[debug] [2025-09-30T18:58:04.097Z] Checked if tokens are valid: true, expires at: 1759262264561
[debug] [2025-09-30T18:58:04.097Z] Checked if tokens are valid: true, expires at: 1759262264561
[debug] [2025-09-30T18:58:04.097Z] >>> [apiv2][query] GET https://cloudfunctions.googleapis.com/v2/projects/visitor-management-f46e8/locations/-/functions filter=environment%3D%22GEN_2%22
[debug] [2025-09-30T18:58:05.143Z] <<< [apiv2][status] GET https://cloudfunctions.googleapis.com/v2/projects/visitor-management-f46e8/locations/-/functions 200
[debug] [2025-09-30T18:58:05.143Z] <<< [apiv2][body] GET https://cloudfunctions.googleapis.com/v2/projects/visitor-management-f46e8/locations/-/functions {}
[debug] [2025-09-30T18:58:05.145Z] Checked if tokens are valid: true, expires at: 1759262264561
[debug] [2025-09-30T18:58:05.145Z] Checked if tokens are valid: true, expires at: 1759262264561
[debug] [2025-09-30T18:58:05.145Z] >>> [apiv2][query] GET https://cloudresourcemanager.googleapis.com/v1/projects/visitor-management-f46e8 [none]
[debug] [2025-09-30T18:58:05.418Z] <<< [apiv2][status] GET https://cloudresourcemanager.googleapis.com/v1/projects/visitor-management-f46e8 200
[debug] [2025-09-30T18:58:05.418Z] <<< [apiv2][body] GET https://cloudresourcemanager.googleapis.com/v1/projects/visitor-management-f46e8 {"projectNumber":"1073869558746","projectId":"visitor-management-f46e8","lifecycleState":"ACTIVE","name":"Visitor Management","labels":{"firebase":"enabled","firebase-core":"disabled"},"createTime":"2025-09-25T05:57:00.820721Z"}
[debug] [2025-09-30T18:58:05.418Z] Checked if tokens are valid: true, expires at: 1759262264561
[debug] [2025-09-30T18:58:05.419Z] Checked if tokens are valid: true, expires at: 1759262264561
[debug] [2025-09-30T18:58:05.419Z] >>> [apiv2][query] GET https://cloudbilling.googleapis.com/v1/projects/visitor-management-f46e8/billingInfo [none]
[debug] [2025-09-30T18:58:06.149Z] <<< [apiv2][status] GET https://cloudbilling.googleapis.com/v1/projects/visitor-management-f46e8/billingInfo 200
[debug] [2025-09-30T18:58:06.149Z] <<< [apiv2][body] GET https://cloudbilling.googleapis.com/v1/projects/visitor-management-f46e8/billingInfo {"name":"projects/visitor-management-f46e8/billingInfo","projectId":"visitor-management-f46e8","billingAccountName":"billingAccounts/01B37D-E36FD8-EACDDA","billingEnabled":true}
[debug] [2025-09-30T18:58:06.150Z] Checked if tokens are valid: true, expires at: 1759262264561
[debug] [2025-09-30T18:58:06.150Z] Checked if tokens are valid: true, expires at: 1759262264561
[debug] [2025-09-30T18:58:06.150Z] >>> [apiv2][query] POST https://cloudfunctions.googleapis.com/v1/projects/visitor-management-f46e8/locations/us-central1/functions:generateUploadUrl [none]
[debug] [2025-09-30T18:58:06.150Z] >>> [apiv2][body] POST https://cloudfunctions.googleapis.com/v1/projects/visitor-management-f46e8/locations/us-central1/functions:generateUploadUrl {}
[debug] [2025-09-30T18:58:06.852Z] <<< [apiv2][status] POST https://cloudfunctions.googleapis.com/v1/projects/visitor-management-f46e8/locations/us-central1/functions:generateUploadUrl 200
[debug] [2025-09-30T18:58:06.852Z] <<< [apiv2][body] POST https://cloudfunctions.googleapis.com/v1/projects/visitor-management-f46e8/locations/us-central1/functions:generateUploadUrl {"uploadUrl":"https://storage.googleapis.com/uploads-399703953209.us-central1.cloudfunctions.appspot.com/6bb7fd73-2c29-4c77-83de-ab2e18812dbe.zip?GoogleAccessId=service-1073869558746@gcf-admin-robot.iam.gserviceaccount.com&Expires=1759260486&Signature=laxsnnfPdvUrQo73dAXwAUYCrGTJoeTKNhWjYpPkjOwZUJmcfsf0SOk7YGufcYmx27O6QCo8sNMjKICxr%2Frh631CakPErw9u9HqFwQjQ%2FrJsjviicOyuXxt3nDtXB8KWUuJ3%2BD7euxmbSV3W8yNwr2PSSkPtVbCj1qjFlHXLAo%2BcVPqq0MtxFaN9%2BL8VXvFnTEjcgX5HYRauND9B7rQfJG0NIe%2Fay2bea6Y5n4OK5JJ2S4BP%2BSCjddZZXRc5BQ5Z76QFiyCjbH75eR9x7gUFTc2ExHwbHKOxV4GuYYOQUFmB5Mu1Vwnp0P6cJK2GuYelTibKNUEmfPQuN6yU%2BJHmrA%3D%3D"}
[debug] [2025-09-30T18:58:06.853Z] >>> [apiv2][query] PUT https://storage.googleapis.com/uploads-399703953209.us-central1.cloudfunctions.appspot.com/6bb7fd73-2c29-4c77-83de-ab2e18812dbe.zip GoogleAccessId=service-1073869558746%40gcf-admin-robot.iam.gserviceaccount.com&Expires=1759260486&Signature=laxsnnfPdvUrQo73dAXwAUYCrGTJoeTKNhWjYpPkjOwZUJmcfsf0SOk7YGufcYmx27O6QCo8sNMjKICxr%2Frh631CakPErw9u9HqFwQjQ%2FrJsjviicOyuXxt3nDtXB8KWUuJ3%2BD7euxmbSV3W8yNwr2PSSkPtVbCj1qjFlHXLAo%2BcVPqq0MtxFaN9%2BL8VXvFnTEjcgX5HYRauND9B7rQfJG0NIe%2Fay2bea6Y5n4OK5JJ2S4BP%2BSCjddZZXRc5BQ5Z76QFiyCjbH75eR9x7gUFTc2ExHwbHKOxV4GuYYOQUFmB5Mu1Vwnp0P6cJK2GuYelTibKNUEmfPQuN6yU%2BJHmrA%3D%3D
[debug] [2025-09-30T18:58:06.853Z] >>> [apiv2][body] PUT https://storage.googleapis.com/uploads-399703953209.us-central1.cloudfunctions.appspot.com/6bb7fd73-2c29-4c77-83de-ab2e18812dbe.zip [stream]
[debug] [2025-09-30T18:58:07.772Z] <<< [apiv2][status] PUT https://storage.googleapis.com/uploads-399703953209.us-central1.cloudfunctions.appspot.com/6bb7fd73-2c29-4c77-83de-ab2e18812dbe.zip 200
[debug] [2025-09-30T18:58:07.772Z] <<< [apiv2][body] PUT https://storage.googleapis.com/uploads-399703953209.us-central1.cloudfunctions.appspot.com/6bb7fd73-2c29-4c77-83de-ab2e18812dbe.zip [omitted]
[info] ✔  functions: functions source uploaded successfully 
[info] i  functions: updating Node.js 20 (1st Gen) function addUserToFirestore(us-central1)... 
[debug] [2025-09-30T18:58:07.774Z] Checked if tokens are valid: true, expires at: 1759262264561
[debug] [2025-09-30T18:58:07.774Z] Checked if tokens are valid: true, expires at: 1759262264561
[debug] [2025-09-30T18:58:07.774Z] >>> [apiv2][query] PATCH https://cloudfunctions.googleapis.com/v1/projects/visitor-management-f46e8/locations/us-central1/functions/addUserToFirestore updateMask=name%2CsourceUploadUrl%2CentryPoint%2Cruntime%2CdockerRegistry%2Clabels%2CeventTrigger.eventType%2CeventTrigger.resource%2CeventTrigger.failurePolicy%2CminInstances%2CmaxInstances%2CingressSettings%2CenvironmentVariables%2CserviceAccountEmail%2CavailableMemoryMb%2Ctimeout%2CvpcConnector%2CvpcConnectorEgressSettings%2CsourceToken%2CbuildEnvironmentVariables
[debug] [2025-09-30T18:58:07.775Z] >>> [apiv2][body] PATCH https://cloudfunctions.googleapis.com/v1/projects/visitor-management-f46e8/locations/us-central1/functions/addUserToFirestore {"name":"projects/visitor-management-f46e8/locations/us-central1/functions/addUserToFirestore","sourceUploadUrl":"https://storage.googleapis.com/uploads-399703953209.us-central1.cloudfunctions.appspot.com/6bb7fd73-2c29-4c77-83de-ab2e18812dbe.zip?GoogleAccessId=service-1073869558746@gcf-admin-robot.iam.gserviceaccount.com&Expires=1759260486&Signature=laxsnnfPdvUrQo73dAXwAUYCrGTJoeTKNhWjYpPkjOwZUJmcfsf0SOk7YGufcYmx27O6QCo8sNMjKICxr%2Frh631CakPErw9u9HqFwQjQ%2FrJsjviicOyuXxt3nDtXB8KWUuJ3%2BD7euxmbSV3W8yNwr2PSSkPtVbCj1qjFlHXLAo%2BcVPqq0MtxFaN9%2BL8VXvFnTEjcgX5HYRauND9B7rQfJG0NIe%2Fay2bea6Y5n4OK5JJ2S4BP%2BSCjddZZXRc5BQ5Z76QFiyCjbH75eR9x7gUFTc2ExHwbHKOxV4GuYYOQUFmB5Mu1Vwnp0P6cJK2GuYelTibKNUEmfPQuN6yU%2BJHmrA%3D%3D","entryPoint":"addUserToFirestore","runtime":"nodejs20","dockerRegistry":"ARTIFACT_REGISTRY","labels":{"deployment-tool":"cli-firebase","firebase-functions-hash":"907c764a1a610f78b318e21ef24332da1cff170d"},"eventTrigger":{"eventType":"providers/firebase.auth/eventTypes/user.create","resource":"projects/visitor-management-f46e8"},"minInstances":null,"maxInstances":null,"ingressSettings":null,"environmentVariables":{"FIREBASE_CONFIG":"{\"projectId\":\"visitor-management-f46e8\",\"storageBucket\":\"visitor-management-f46e8.firebasestorage.app\"}","GCLOUD_PROJECT":"visitor-management-f46e8","EVENTARC_CLOUD_EVENT_SOURCE":"projects/visitor-management-f46e8/locations/us-central1/functions/addUserToFirestore"},"serviceAccountEmail":null,"availableMemoryMb":null,"timeout":null,"vpcConnector":null,"vpcConnectorEgressSettings":null,"buildEnvironmentVariables":{"GOOGLE_NODE_RUN_SCRIPTS":""}}
[debug] [2025-09-30T18:58:08.490Z] <<< [apiv2][status] PATCH https://cloudfunctions.googleapis.com/v1/projects/visitor-management-f46e8/locations/us-central1/functions/addUserToFirestore 200
[debug] [2025-09-30T18:58:08.490Z] <<< [apiv2][body] PATCH https://cloudfunctions.googleapis.com/v1/projects/visitor-management-f46e8/locations/us-central1/functions/addUserToFirestore {"name":"operations/dmlzaXRvci1tYW5hZ2VtZW50LWY0NmU4L3VzLWNlbnRyYWwxL2FkZFVzZXJUb0ZpcmVzdG9yZS9MT0xHUVExWjdyYw","metadata":{"@type":"type.googleapis.com/google.cloud.functions.v1.OperationMetadataV1","target":"projects/visitor-management-f46e8/locations/us-central1/functions/addUserToFirestore","type":"UPDATE_FUNCTION","request":{"@type":"type.googleapis.com/google.cloud.functions.v1.CloudFunction","name":"projects/visitor-management-f46e8/locations/us-central1/functions/addUserToFirestore","eventTrigger":{"eventType":"providers/firebase.auth/eventTypes/user.create","resource":"projects/visitor-management-f46e8","service":"firebaseauth.googleapis.com"},"status":"ACTIVE","entryPoint":"addUserToFirestore","updateTime":"2025-09-30T18:44:41.899Z","versionId":"2","labels":{"deployment-tool":"cli-firebase","firebase-functions-hash":"907c764a1a610f78b318e21ef24332da1cff170d"},"sourceUploadUrl":"https://storage.googleapis.com/uploads-399703953209.us-central1.cloudfunctions.appspot.com/6bb7fd73-2c29-4c77-83de-ab2e18812dbe.zip?GoogleAccessId=service-1073869558746@gcf-admin-robot.iam.gserviceaccount.com&Expires=1759260486&Signature=laxsnnfPdvUrQo73dAXwAUYCrGTJoeTKNhWjYpPkjOwZUJmcfsf0SOk7YGufcYmx27O6QCo8sNMjKICxr%2Frh631CakPErw9u9HqFwQjQ%2FrJsjviicOyuXxt3nDtXB8KWUuJ3%2BD7euxmbSV3W8yNwr2PSSkPtVbCj1qjFlHXLAo%2BcVPqq0MtxFaN9%2BL8VXvFnTEjcgX5HYRauND9B7rQfJG0NIe%2Fay2bea6Y5n4OK5JJ2S4BP%2BSCjddZZXRc5BQ5Z76QFiyCjbH75eR9x7gUFTc2ExHwbHKOxV4GuYYOQUFmB5Mu1Vwnp0P6cJK2GuYelTibKNUEmfPQuN6yU%2BJHmrA%3D%3D","environmentVariables":{"FIREBASE_CONFIG":"{\"projectId\":\"visitor-management-f46e8\",\"storageBucket\":\"visitor-management-f46e8.firebasestorage.app\"}","GCLOUD_PROJECT":"visitor-management-f46e8","EVENTARC_CLOUD_EVENT_SOURCE":"projects/visitor-management-f46e8/locations/us-central1/functions/addUserToFirestore"},"runtime":"nodejs20","buildId":"4e4c37cc-fe9c-4d66-bd15-6aa258d34cf2","buildEnvironmentVariables":{"GOOGLE_NODE_RUN_SCRIPTS":""},"buildName":"projects/1073869558746/locations/us-central1/builds/4e4c37cc-fe9c-4d66-bd15-6aa258d34cf2","dockerRegistry":"ARTIFACT_REGISTRY","automaticUpdatePolicy":{},"buildServiceAccount":"projects/visitor-management-f46e8/serviceAccounts/1073869558746-compute@developer.gserviceaccount.com"},"versionId":"3","updateTime":"2025-09-30T18:58:08Z"}}
[debug] [2025-09-30T18:58:08.491Z] Checked if tokens are valid: true, expires at: 1759262264561
[debug] [2025-09-30T18:58:08.491Z] Checked if tokens are valid: true, expires at: 1759262264561
[debug] [2025-09-30T18:58:08.491Z] >>> [apiv2][query] GET https://cloudfunctions.googleapis.com/v1/operations/dmlzaXRvci1tYW5hZ2VtZW50LWY0NmU4L3VzLWNlbnRyYWwxL2FkZFVzZXJUb0ZpcmVzdG9yZS9MT0xHUVExWjdyYw [none]
[debug] [2025-09-30T18:58:08.797Z] <<< [apiv2][status] GET https://cloudfunctions.googleapis.com/v1/operations/dmlzaXRvci1tYW5hZ2VtZW50LWY0NmU4L3VzLWNlbnRyYWwxL2FkZFVzZXJUb0ZpcmVzdG9yZS9MT0xHUVExWjdyYw 200
[debug] [2025-09-30T18:58:08.797Z] <<< [apiv2][body] GET https://cloudfunctions.googleapis.com/v1/operations/dmlzaXRvci1tYW5hZ2VtZW50LWY0NmU4L3VzLWNlbnRyYWwxL2FkZFVzZXJUb0ZpcmVzdG9yZS9MT0xHUVExWjdyYw {"name":"operations/dmlzaXRvci1tYW5hZ2VtZW50LWY0NmU4L3VzLWNlbnRyYWwxL2FkZFVzZXJUb0ZpcmVzdG9yZS9MT0xHUVExWjdyYw","metadata":{"@type":"type.googleapis.com/google.cloud.functions.v1.OperationMetadataV1","target":"projects/visitor-management-f46e8/locations/us-central1/functions/addUserToFirestore","type":"UPDATE_FUNCTION","request":{"@type":"type.googleapis.com/google.cloud.functions.v1.CloudFunction","name":"projects/visitor-management-f46e8/locations/us-central1/functions/addUserToFirestore","eventTrigger":{"eventType":"providers/firebase.auth/eventTypes/user.create","resource":"projects/visitor-management-f46e8","service":"firebaseauth.googleapis.com"},"status":"ACTIVE","entryPoint":"addUserToFirestore","updateTime":"2025-09-30T18:44:41.899Z","versionId":"2","labels":{"deployment-tool":"cli-firebase","firebase-functions-hash":"907c764a1a610f78b318e21ef24332da1cff170d"},"sourceUploadUrl":"https://storage.googleapis.com/uploads-399703953209.us-central1.cloudfunctions.appspot.com/6bb7fd73-2c29-4c77-83de-ab2e18812dbe.zip?GoogleAccessId=service-1073869558746@gcf-admin-robot.iam.gserviceaccount.com&Expires=1759260486&Signature=laxsnnfPdvUrQo73dAXwAUYCrGTJoeTKNhWjYpPkjOwZUJmcfsf0SOk7YGufcYmx27O6QCo8sNMjKICxr%2Frh631CakPErw9u9HqFwQjQ%2FrJsjviicOyuXxt3nDtXB8KWUuJ3%2BD7euxmbSV3W8yNwr2PSSkPtVbCj1qjFlHXLAo%2BcVPqq0MtxFaN9%2BL8VXvFnTEjcgX5HYRauND9B7rQfJG0NIe%2Fay2bea6Y5n4OK5JJ2S4BP%2BSCjddZZXRc5BQ5Z76QFiyCjbH75eR9x7gUFTc2ExHwbHKOxV4GuYYOQUFmB5Mu1Vwnp0P6cJK2GuYelTibKNUEmfPQuN6yU%2BJHmrA%3D%3D","environmentVariables":{"FIREBASE_CONFIG":"{\"projectId\":\"visitor-management-f46e8\",\"storageBucket\":\"visitor-management-f46e8.firebasestorage.app\"}","GCLOUD_PROJECT":"visitor-management-f46e8","EVENTARC_CLOUD_EVENT_SOURCE":"projects/visitor-management-f46e8/locations/us-central1/functions/addUserToFirestore"},"runtime":"nodejs20","buildId":"4e4c37cc-fe9c-4d66-bd15-6aa258d34cf2","buildEnvironmentVariables":{"GOOGLE_NODE_RUN_SCRIPTS":""},"buildName":"projects/1073869558746/locations/us-central1/builds/4e4c37cc-fe9c-4d66-bd15-6aa258d34cf2","dockerRegistry":"ARTIFACT_REGISTRY","automaticUpdatePolicy":{},"buildServiceAccount":"projects/visitor-management-f46e8/serviceAccounts/1073869558746-compute@developer.gserviceaccount.com"},"versionId":"3","updateTime":"2025-09-30T18:58:08Z"}}
[debug] [2025-09-30T18:58:09.298Z] [update-default-us-central1-addUserToFirestore] Retrying task index 0
[debug] [2025-09-30T18:58:09.299Z] Checked if tokens are valid: true, expires at: 1759262264561
[debug] [2025-09-30T18:58:09.299Z] Checked if tokens are valid: true, expires at: 1759262264561
[debug] [2025-09-30T18:58:09.299Z] >>> [apiv2][query] GET https://cloudfunctions.googleapis.com/v1/operations/dmlzaXRvci1tYW5hZ2VtZW50LWY0NmU4L3VzLWNlbnRyYWwxL2FkZFVzZXJUb0ZpcmVzdG9yZS9MT0xHUVExWjdyYw [none]
[debug] [2025-09-30T18:58:09.566Z] <<< [apiv2][status] GET https://cloudfunctions.googleapis.com/v1/operations/dmlzaXRvci1tYW5hZ2VtZW50LWY0NmU4L3VzLWNlbnRyYWwxL2FkZFVzZXJUb0ZpcmVzdG9yZS9MT0xHUVExWjdyYw 200
[debug] [2025-09-30T18:58:09.566Z] <<< [apiv2][body] GET https://cloudfunctions.googleapis.com/v1/operations/dmlzaXRvci1tYW5hZ2VtZW50LWY0NmU4L3VzLWNlbnRyYWwxL2FkZFVzZXJUb0ZpcmVzdG9yZS9MT0xHUVExWjdyYw {"name":"operations/dmlzaXRvci1tYW5hZ2VtZW50LWY0NmU4L3VzLWNlbnRyYWwxL2FkZFVzZXJUb0ZpcmVzdG9yZS9MT0xHUVExWjdyYw","metadata":{"@type":"type.googleapis.com/google.cloud.functions.v1.OperationMetadataV1","target":"projects/visitor-management-f46e8/locations/us-central1/functions/addUserToFirestore","type":"UPDATE_FUNCTION","request":{"@type":"type.googleapis.com/google.cloud.functions.v1.CloudFunction","name":"projects/visitor-management-f46e8/locations/us-central1/functions/addUserToFirestore","eventTrigger":{"eventType":"providers/firebase.auth/eventTypes/user.create","resource":"projects/visitor-management-f46e8","service":"firebaseauth.googleapis.com"},"status":"ACTIVE","entryPoint":"addUserToFirestore","updateTime":"2025-09-30T18:44:41.899Z","versionId":"2","labels":{"deployment-tool":"cli-firebase","firebase-functions-hash":"907c764a1a610f78b318e21ef24332da1cff170d"},"sourceUploadUrl":"https://storage.googleapis.com/uploads-399703953209.us-central1.cloudfunctions.appspot.com/6bb7fd73-2c29-4c77-83de-ab2e18812dbe.zip?GoogleAccessId=service-1073869558746@gcf-admin-robot.iam.gserviceaccount.com&Expires=1759260486&Signature=laxsnnfPdvUrQo73dAXwAUYCrGTJoeTKNhWjYpPkjOwZUJmcfsf0SOk7YGufcYmx27O6QCo8sNMjKICxr%2Frh631CakPErw9u9HqFwQjQ%2FrJsjviicOyuXxt3nDtXB8KWUuJ3%2BD7euxmbSV3W8yNwr2PSSkPtVbCj1qjFlHXLAo%2BcVPqq0MtxFaN9%2BL8VXvFnTEjcgX5HYRauND9B7rQfJG0NIe%2Fay2bea6Y5n4OK5JJ2S4BP%2BSCjddZZXRc5BQ5Z76QFiyCjbH75eR9x7gUFTc2ExHwbHKOxV4GuYYOQUFmB5Mu1Vwnp0P6cJK2GuYelTibKNUEmfPQuN6yU%2BJHmrA%3D%3D","environmentVariables":{"FIREBASE_CONFIG":"{\"projectId\":\"visitor-management-f46e8\",\"storageBucket\":\"visitor-management-f46e8.firebasestorage.app\"}","GCLOUD_PROJECT":"visitor-management-f46e8","EVENTARC_CLOUD_EVENT_SOURCE":"projects/visitor-management-f46e8/locations/us-central1/functions/addUserToFirestore"},"runtime":"nodejs20","buildId":"4e4c37cc-fe9c-4d66-bd15-6aa258d34cf2","buildEnvironmentVariables":{"GOOGLE_NODE_RUN_SCRIPTS":""},"buildName":"projects/1073869558746/locations/us-central1/builds/4e4c37cc-fe9c-4d66-bd15-6aa258d34cf2","dockerRegistry":"ARTIFACT_REGISTRY","automaticUpdatePolicy":{},"buildServiceAccount":"projects/visitor-management-f46e8/serviceAccounts/1073869558746-compute@developer.gserviceaccount.com"},"versionId":"3","updateTime":"2025-09-30T18:58:08Z","buildId":"6d83ea8b-0382-4969-a3b2-b6ded3201c5a","buildName":"projects/1073869558746/locations/us-central1/builds/6d83ea8b-0382-4969-a3b2-b6ded3201c5a"}}
[debug] [2025-09-30T18:58:10.567Z] [update-default-us-central1-addUserToFirestore] Retrying task index 0
[debug] [2025-09-30T18:58:10.567Z] Checked if tokens are valid: true, expires at: 1759262264561
[debug] [2025-09-30T18:58:10.567Z] Checked if tokens are valid: true, expires at: 1759262264561
[debug] [2025-09-30T18:58:10.568Z] >>> [apiv2][query] GET https://cloudfunctions.googleapis.com/v1/operations/dmlzaXRvci1tYW5hZ2VtZW50LWY0NmU4L3VzLWNlbnRyYWwxL2FkZFVzZXJUb0ZpcmVzdG9yZS9MT0xHUVExWjdyYw [none]
[debug] [2025-09-30T18:58:10.844Z] <<< [apiv2][status] GET https://cloudfunctions.googleapis.com/v1/operations/dmlzaXRvci1tYW5hZ2VtZW50LWY0NmU4L3VzLWNlbnRyYWwxL2FkZFVzZXJUb0ZpcmVzdG9yZS9MT0xHUVExWjdyYw 200
[debug] [2025-09-30T18:58:10.844Z] <<< [apiv2][body] GET https://cloudfunctions.googleapis.com/v1/operations/dmlzaXRvci1tYW5hZ2VtZW50LWY0NmU4L3VzLWNlbnRyYWwxL2FkZFVzZXJUb0ZpcmVzdG9yZS9MT0xHUVExWjdyYw {"name":"operations/dmlzaXRvci1tYW5hZ2VtZW50LWY0NmU4L3VzLWNlbnRyYWwxL2FkZFVzZXJUb0ZpcmVzdG9yZS9MT0xHUVExWjdyYw","metadata":{"@type":"type.googleapis.com/google.cloud.functions.v1.OperationMetadataV1","target":"projects/visitor-management-f46e8/locations/us-central1/functions/addUserToFirestore","type":"UPDATE_FUNCTION","request":{"@type":"type.googleapis.com/google.cloud.functions.v1.CloudFunction","name":"projects/visitor-management-f46e8/locations/us-central1/functions/addUserToFirestore","eventTrigger":{"eventType":"providers/firebase.auth/eventTypes/user.create","resource":"projects/visitor-management-f46e8","service":"firebaseauth.googleapis.com"},"status":"ACTIVE","entryPoint":"addUserToFirestore","updateTime":"2025-09-30T18:44:41.899Z","versionId":"2","labels":{"deployment-tool":"cli-firebase","firebase-functions-hash":"907c764a1a610f78b318e21ef24332da1cff170d"},"sourceUploadUrl":"https://storage.googleapis.com/uploads-399703953209.us-central1.cloudfunctions.appspot.com/6bb7fd73-2c29-4c77-83de-ab2e18812dbe.zip?GoogleAccessId=service-1073869558746@gcf-admin-robot.iam.gserviceaccount.com&Expires=1759260486&Signature=laxsnnfPdvUrQo73dAXwAUYCrGTJoeTKNhWjYpPkjOwZUJmcfsf0SOk7YGufcYmx27O6QCo8sNMjKICxr%2Frh631CakPErw9u9HqFwQjQ%2FrJsjviicOyuXxt3nDtXB8KWUuJ3%2BD7euxmbSV3W8yNwr2PSSkPtVbCj1qjFlHXLAo%2BcVPqq0MtxFaN9%2BL8VXvFnTEjcgX5HYRauND9B7rQfJG0NIe%2Fay2bea6Y5n4OK5JJ2S4BP%2BSCjddZZXRc5BQ5Z76QFiyCjbH75eR9x7gUFTc2ExHwbHKOxV4GuYYOQUFmB5Mu1Vwnp0P6cJK2GuYelTibKNUEmfPQuN6yU%2BJHmrA%3D%3D","environmentVariables":{"FIREBASE_CONFIG":"{\"projectId\":\"visitor-management-f46e8\",\"storageBucket\":\"visitor-management-f46e8.firebasestorage.app\"}","GCLOUD_PROJECT":"visitor-management-f46e8","EVENTARC_CLOUD_EVENT_SOURCE":"projects/visitor-management-f46e8/locations/us-central1/functions/addUserToFirestore"},"runtime":"nodejs20","buildId":"4e4c37cc-fe9c-4d66-bd15-6aa258d34cf2","buildEnvironmentVariables":{"GOOGLE_NODE_RUN_SCRIPTS":""},"buildName":"projects/1073869558746/locations/us-central1/builds/4e4c37cc-fe9c-4d66-bd15-6aa258d34cf2","dockerRegistry":"ARTIFACT_REGISTRY","automaticUpdatePolicy":{},"buildServiceAccount":"projects/visitor-management-f46e8/serviceAccounts/1073869558746-compute@developer.gserviceaccount.com"},"versionId":"3","updateTime":"2025-09-30T18:58:08Z","buildId":"6d83ea8b-0382-4969-a3b2-b6ded3201c5a","buildName":"projects/1073869558746/locations/us-central1/builds/6d83ea8b-0382-4969-a3b2-b6ded3201c5a"}}
[debug] [2025-09-30T18:58:12.844Z] [update-default-us-central1-addUserToFirestore] Retrying task index 0
[debug] [2025-09-30T18:58:12.845Z] Checked if tokens are valid: true, expires at: 1759262264561
[debug] [2025-09-30T18:58:12.845Z] Checked if tokens are valid: true, expires at: 1759262264561
[debug] [2025-09-30T18:58:12.845Z] >>> [apiv2][query] GET https://cloudfunctions.googleapis.com/v1/operations/dmlzaXRvci1tYW5hZ2VtZW50LWY0NmU4L3VzLWNlbnRyYWwxL2FkZFVzZXJUb0ZpcmVzdG9yZS9MT0xHUVExWjdyYw [none]
[debug] [2025-09-30T18:58:13.088Z] <<< [apiv2][status] GET https://cloudfunctions.googleapis.com/v1/operations/dmlzaXRvci1tYW5hZ2VtZW50LWY0NmU4L3VzLWNlbnRyYWwxL2FkZFVzZXJUb0ZpcmVzdG9yZS9MT0xHUVExWjdyYw 200
[debug] [2025-09-30T18:58:13.088Z] <<< [apiv2][body] GET https://cloudfunctions.googleapis.com/v1/operations/dmlzaXRvci1tYW5hZ2VtZW50LWY0NmU4L3VzLWNlbnRyYWwxL2FkZFVzZXJUb0ZpcmVzdG9yZS9MT0xHUVExWjdyYw {"name":"operations/dmlzaXRvci1tYW5hZ2VtZW50LWY0NmU4L3VzLWNlbnRyYWwxL2FkZFVzZXJUb0ZpcmVzdG9yZS9MT0xHUVExWjdyYw","metadata":{"@type":"type.googleapis.com/google.cloud.functions.v1.OperationMetadataV1","target":"projects/visitor-management-f46e8/locations/us-central1/functions/addUserToFirestore","type":"UPDATE_FUNCTION","request":{"@type":"type.googleapis.com/google.cloud.functions.v1.CloudFunction","name":"projects/visitor-management-f46e8/locations/us-central1/functions/addUserToFirestore","eventTrigger":{"eventType":"providers/firebase.auth/eventTypes/user.create","resource":"projects/visitor-management-f46e8","service":"firebaseauth.googleapis.com"},"status":"ACTIVE","entryPoint":"addUserToFirestore","updateTime":"2025-09-30T18:44:41.899Z","versionId":"2","labels":{"deployment-tool":"cli-firebase","firebase-functions-hash":"907c764a1a610f78b318e21ef24332da1cff170d"},"sourceUploadUrl":"https://storage.googleapis.com/uploads-399703953209.us-central1.cloudfunctions.appspot.com/6bb7fd73-2c29-4c77-83de-ab2e18812dbe.zip?GoogleAccessId=service-1073869558746@gcf-admin-robot.iam.gserviceaccount.com&Expires=1759260486&Signature=laxsnnfPdvUrQo73dAXwAUYCrGTJoeTKNhWjYpPkjOwZUJmcfsf0SOk7YGufcYmx27O6QCo8sNMjKICxr%2Frh631CakPErw9u9HqFwQjQ%2FrJsjviicOyuXxt3nDtXB8KWUuJ3%2BD7euxmbSV3W8yNwr2PSSkPtVbCj1qjFlHXLAo%2BcVPqq0MtxFaN9%2BL8VXvFnTEjcgX5HYRauND9B7rQfJG0NIe%2Fay2bea6Y5n4OK5JJ2S4BP%2BSCjddZZXRc5BQ5Z76QFiyCjbH75eR9x7gUFTc2ExHwbHKOxV4GuYYOQUFmB5Mu1Vwnp0P6cJK2GuYelTibKNUEmfPQuN6yU%2BJHmrA%3D%3D","environmentVariables":{"FIREBASE_CONFIG":"{\"projectId\":\"visitor-management-f46e8\",\"storageBucket\":\"visitor-management-f46e8.firebasestorage.app\"}","GCLOUD_PROJECT":"visitor-management-f46e8","EVENTARC_CLOUD_EVENT_SOURCE":"projects/visitor-management-f46e8/locations/us-central1/functions/addUserToFirestore"},"runtime":"nodejs20","buildId":"4e4c37cc-fe9c-4d66-bd15-6aa258d34cf2","buildEnvironmentVariables":{"GOOGLE_NODE_RUN_SCRIPTS":""},"buildName":"projects/1073869558746/locations/us-central1/builds/4e4c37cc-fe9c-4d66-bd15-6aa258d34cf2","dockerRegistry":"ARTIFACT_REGISTRY","automaticUpdatePolicy":{},"buildServiceAccount":"projects/visitor-management-f46e8/serviceAccounts/1073869558746-compute@developer.gserviceaccount.com"},"versionId":"3","updateTime":"2025-09-30T18:58:08Z","buildId":"6d83ea8b-0382-4969-a3b2-b6ded3201c5a","buildName":"projects/1073869558746/locations/us-central1/builds/6d83ea8b-0382-4969-a3b2-b6ded3201c5a"}}
[debug] [2025-09-30T18:58:17.089Z] [update-default-us-central1-addUserToFirestore] Retrying task index 0
[debug] [2025-09-30T18:58:17.089Z] Checked if tokens are valid: true, expires at: 1759262264561
[debug] [2025-09-30T18:58:17.089Z] Checked if tokens are valid: true, expires at: 1759262264561
[debug] [2025-09-30T18:58:17.089Z] >>> [apiv2][query] GET https://cloudfunctions.googleapis.com/v1/operations/dmlzaXRvci1tYW5hZ2VtZW50LWY0NmU4L3VzLWNlbnRyYWwxL2FkZFVzZXJUb0ZpcmVzdG9yZS9MT0xHUVExWjdyYw [none]
[debug] [2025-09-30T18:58:17.362Z] <<< [apiv2][status] GET https://cloudfunctions.googleapis.com/v1/operations/dmlzaXRvci1tYW5hZ2VtZW50LWY0NmU4L3VzLWNlbnRyYWwxL2FkZFVzZXJUb0ZpcmVzdG9yZS9MT0xHUVExWjdyYw 200
[debug] [2025-09-30T18:58:17.362Z] <<< [apiv2][body] GET https://cloudfunctions.googleapis.com/v1/operations/dmlzaXRvci1tYW5hZ2VtZW50LWY0NmU4L3VzLWNlbnRyYWwxL2FkZFVzZXJUb0ZpcmVzdG9yZS9MT0xHUVExWjdyYw {"name":"operations/dmlzaXRvci1tYW5hZ2VtZW50LWY0NmU4L3VzLWNlbnRyYWwxL2FkZFVzZXJUb0ZpcmVzdG9yZS9MT0xHUVExWjdyYw","metadata":{"@type":"type.googleapis.com/google.cloud.functions.v1.OperationMetadataV1","target":"projects/visitor-management-f46e8/locations/us-central1/functions/addUserToFirestore","type":"UPDATE_FUNCTION","request":{"@type":"type.googleapis.com/google.cloud.functions.v1.CloudFunction","name":"projects/visitor-management-f46e8/locations/us-central1/functions/addUserToFirestore","eventTrigger":{"eventType":"providers/firebase.auth/eventTypes/user.create","resource":"projects/visitor-management-f46e8","service":"firebaseauth.googleapis.com"},"status":"ACTIVE","entryPoint":"addUserToFirestore","updateTime":"2025-09-30T18:44:41.899Z","versionId":"2","labels":{"deployment-tool":"cli-firebase","firebase-functions-hash":"907c764a1a610f78b318e21ef24332da1cff170d"},"sourceUploadUrl":"https://storage.googleapis.com/uploads-399703953209.us-central1.cloudfunctions.appspot.com/6bb7fd73-2c29-4c77-83de-ab2e18812dbe.zip?GoogleAccessId=service-1073869558746@gcf-admin-robot.iam.gserviceaccount.com&Expires=1759260486&Signature=laxsnnfPdvUrQo73dAXwAUYCrGTJoeTKNhWjYpPkjOwZUJmcfsf0SOk7YGufcYmx27O6QCo8sNMjKICxr%2Frh631CakPErw9u9HqFwQjQ%2FrJsjviicOyuXxt3nDtXB8KWUuJ3%2BD7euxmbSV3W8yNwr2PSSkPtVbCj1qjFlHXLAo%2BcVPqq0MtxFaN9%2BL8VXvFnTEjcgX5HYRauND9B7rQfJG0NIe%2Fay2bea6Y5n4OK5JJ2S4BP%2BSCjddZZXRc5BQ5Z76QFiyCjbH75eR9x7gUFTc2ExHwbHKOxV4GuYYOQUFmB5Mu1Vwnp0P6cJK2GuYelTibKNUEmfPQuN6yU%2BJHmrA%3D%3D","environmentVariables":{"FIREBASE_CONFIG":"{\"projectId\":\"visitor-management-f46e8\",\"storageBucket\":\"visitor-management-f46e8.firebasestorage.app\"}","GCLOUD_PROJECT":"visitor-management-f46e8","EVENTARC_CLOUD_EVENT_SOURCE":"projects/visitor-management-f46e8/locations/us-central1/functions/addUserToFirestore"},"runtime":"nodejs20","buildId":"4e4c37cc-fe9c-4d66-bd15-6aa258d34cf2","buildEnvironmentVariables":{"GOOGLE_NODE_RUN_SCRIPTS":""},"buildName":"projects/1073869558746/locations/us-central1/builds/4e4c37cc-fe9c-4d66-bd15-6aa258d34cf2","dockerRegistry":"ARTIFACT_REGISTRY","automaticUpdatePolicy":{},"buildServiceAccount":"projects/visitor-management-f46e8/serviceAccounts/1073869558746-compute@developer.gserviceaccount.com"},"versionId":"3","updateTime":"2025-09-30T18:58:08Z","buildId":"6d83ea8b-0382-4969-a3b2-b6ded3201c5a","buildName":"projects/1073869558746/locations/us-central1/builds/6d83ea8b-0382-4969-a3b2-b6ded3201c5a"}}
[debug] [2025-09-30T18:58:25.365Z] [update-default-us-central1-addUserToFirestore] Retrying task index 0
[debug] [2025-09-30T18:58:25.365Z] Checked if tokens are valid: true, expires at: 1759262264561
[debug] [2025-09-30T18:58:25.366Z] Checked if tokens are valid: true, expires at: 1759262264561
[debug] [2025-09-30T18:58:25.366Z] >>> [apiv2][query] GET https://cloudfunctions.googleapis.com/v1/operations/dmlzaXRvci1tYW5hZ2VtZW50LWY0NmU4L3VzLWNlbnRyYWwxL2FkZFVzZXJUb0ZpcmVzdG9yZS9MT0xHUVExWjdyYw [none]
[debug] [2025-09-30T18:58:25.809Z] <<< [apiv2][status] GET https://cloudfunctions.googleapis.com/v1/operations/dmlzaXRvci1tYW5hZ2VtZW50LWY0NmU4L3VzLWNlbnRyYWwxL2FkZFVzZXJUb0ZpcmVzdG9yZS9MT0xHUVExWjdyYw 200
[debug] [2025-09-30T18:58:25.809Z] <<< [apiv2][body] GET https://cloudfunctions.googleapis.com/v1/operations/dmlzaXRvci1tYW5hZ2VtZW50LWY0NmU4L3VzLWNlbnRyYWwxL2FkZFVzZXJUb0ZpcmVzdG9yZS9MT0xHUVExWjdyYw {"name":"operations/dmlzaXRvci1tYW5hZ2VtZW50LWY0NmU4L3VzLWNlbnRyYWwxL2FkZFVzZXJUb0ZpcmVzdG9yZS9MT0xHUVExWjdyYw","metadata":{"@type":"type.googleapis.com/google.cloud.functions.v1.OperationMetadataV1","target":"projects/visitor-management-f46e8/locations/us-central1/functions/addUserToFirestore","type":"UPDATE_FUNCTION","request":{"@type":"type.googleapis.com/google.cloud.functions.v1.CloudFunction","name":"projects/visitor-management-f46e8/locations/us-central1/functions/addUserToFirestore","eventTrigger":{"eventType":"providers/firebase.auth/eventTypes/user.create","resource":"projects/visitor-management-f46e8","service":"firebaseauth.googleapis.com"},"status":"ACTIVE","entryPoint":"addUserToFirestore","updateTime":"2025-09-30T18:44:41.899Z","versionId":"2","labels":{"deployment-tool":"cli-firebase","firebase-functions-hash":"907c764a1a610f78b318e21ef24332da1cff170d"},"sourceUploadUrl":"https://storage.googleapis.com/uploads-399703953209.us-central1.cloudfunctions.appspot.com/6bb7fd73-2c29-4c77-83de-ab2e18812dbe.zip?GoogleAccessId=service-1073869558746@gcf-admin-robot.iam.gserviceaccount.com&Expires=1759260486&Signature=laxsnnfPdvUrQo73dAXwAUYCrGTJoeTKNhWjYpPkjOwZUJmcfsf0SOk7YGufcYmx27O6QCo8sNMjKICxr%2Frh631CakPErw9u9HqFwQjQ%2FrJsjviicOyuXxt3nDtXB8KWUuJ3%2BD7euxmbSV3W8yNwr2PSSkPtVbCj1qjFlHXLAo%2BcVPqq0MtxFaN9%2BL8VXvFnTEjcgX5HYRauND9B7rQfJG0NIe%2Fay2bea6Y5n4OK5JJ2S4BP%2BSCjddZZXRc5BQ5Z76QFiyCjbH75eR9x7gUFTc2ExHwbHKOxV4GuYYOQUFmB5Mu1Vwnp0P6cJK2GuYelTibKNUEmfPQuN6yU%2BJHmrA%3D%3D","environmentVariables":{"FIREBASE_CONFIG":"{\"projectId\":\"visitor-management-f46e8\",\"storageBucket\":\"visitor-management-f46e8.firebasestorage.app\"}","GCLOUD_PROJECT":"visitor-management-f46e8","EVENTARC_CLOUD_EVENT_SOURCE":"projects/visitor-management-f46e8/locations/us-central1/functions/addUserToFirestore"},"runtime":"nodejs20","buildId":"4e4c37cc-fe9c-4d66-bd15-6aa258d34cf2","buildEnvironmentVariables":{"GOOGLE_NODE_RUN_SCRIPTS":""},"buildName":"projects/1073869558746/locations/us-central1/builds/4e4c37cc-fe9c-4d66-bd15-6aa258d34cf2","dockerRegistry":"ARTIFACT_REGISTRY","automaticUpdatePolicy":{},"buildServiceAccount":"projects/visitor-management-f46e8/serviceAccounts/1073869558746-compute@developer.gserviceaccount.com"},"versionId":"3","updateTime":"2025-09-30T18:58:08Z","buildId":"6d83ea8b-0382-4969-a3b2-b6ded3201c5a","buildName":"projects/1073869558746/locations/us-central1/builds/6d83ea8b-0382-4969-a3b2-b6ded3201c5a"}}
[debug] [2025-09-30T18:58:35.814Z] [update-default-us-central1-addUserToFirestore] Retrying task index 0
[debug] [2025-09-30T18:58:35.814Z] Checked if tokens are valid: true, expires at: 1759262264561
[debug] [2025-09-30T18:58:35.814Z] Checked if tokens are valid: true, expires at: 1759262264561
[debug] [2025-09-30T18:58:35.814Z] >>> [apiv2][query] GET https://cloudfunctions.googleapis.com/v1/operations/dmlzaXRvci1tYW5hZ2VtZW50LWY0NmU4L3VzLWNlbnRyYWwxL2FkZFVzZXJUb0ZpcmVzdG9yZS9MT0xHUVExWjdyYw [none]
[debug] [2025-09-30T18:58:36.252Z] <<< [apiv2][status] GET https://cloudfunctions.googleapis.com/v1/operations/dmlzaXRvci1tYW5hZ2VtZW50LWY0NmU4L3VzLWNlbnRyYWwxL2FkZFVzZXJUb0ZpcmVzdG9yZS9MT0xHUVExWjdyYw 200
[debug] [2025-09-30T18:58:36.252Z] <<< [apiv2][body] GET https://cloudfunctions.googleapis.com/v1/operations/dmlzaXRvci1tYW5hZ2VtZW50LWY0NmU4L3VzLWNlbnRyYWwxL2FkZFVzZXJUb0ZpcmVzdG9yZS9MT0xHUVExWjdyYw {"name":"operations/dmlzaXRvci1tYW5hZ2VtZW50LWY0NmU4L3VzLWNlbnRyYWwxL2FkZFVzZXJUb0ZpcmVzdG9yZS9MT0xHUVExWjdyYw","metadata":{"@type":"type.googleapis.com/google.cloud.functions.v1.OperationMetadataV1","target":"projects/visitor-management-f46e8/locations/us-central1/functions/addUserToFirestore","type":"UPDATE_FUNCTION","request":{"@type":"type.googleapis.com/google.cloud.functions.v1.CloudFunction","name":"projects/visitor-management-f46e8/locations/us-central1/functions/addUserToFirestore","eventTrigger":{"eventType":"providers/firebase.auth/eventTypes/user.create","resource":"projects/visitor-management-f46e8","service":"firebaseauth.googleapis.com"},"status":"ACTIVE","entryPoint":"addUserToFirestore","updateTime":"2025-09-30T18:44:41.899Z","versionId":"2","labels":{"deployment-tool":"cli-firebase","firebase-functions-hash":"907c764a1a610f78b318e21ef24332da1cff170d"},"sourceUploadUrl":"https://storage.googleapis.com/uploads-399703953209.us-central1.cloudfunctions.appspot.com/6bb7fd73-2c29-4c77-83de-ab2e18812dbe.zip?GoogleAccessId=service-1073869558746@gcf-admin-robot.iam.gserviceaccount.com&Expires=1759260486&Signature=laxsnnfPdvUrQo73dAXwAUYCrGTJoeTKNhWjYpPkjOwZUJmcfsf0SOk7YGufcYmx27O6QCo8sNMjKICxr%2Frh631CakPErw9u9HqFwQjQ%2FrJsjviicOyuXxt3nDtXB8KWUuJ3%2BD7euxmbSV3W8yNwr2PSSkPtVbCj1qjFlHXLAo%2BcVPqq0MtxFaN9%2BL8VXvFnTEjcgX5HYRauND9B7rQfJG0NIe%2Fay2bea6Y5n4OK5JJ2S4BP%2BSCjddZZXRc5BQ5Z76QFiyCjbH75eR9x7gUFTc2ExHwbHKOxV4GuYYOQUFmB5Mu1Vwnp0P6cJK2GuYelTibKNUEmfPQuN6yU%2BJHmrA%3D%3D","environmentVariables":{"FIREBASE_CONFIG":"{\"projectId\":\"visitor-management-f46e8\",\"storageBucket\":\"visitor-management-f46e8.firebasestorage.app\"}","GCLOUD_PROJECT":"visitor-management-f46e8","EVENTARC_CLOUD_EVENT_SOURCE":"projects/visitor-management-f46e8/locations/us-central1/functions/addUserToFirestore"},"runtime":"nodejs20","buildId":"4e4c37cc-fe9c-4d66-bd15-6aa258d34cf2","buildEnvironmentVariables":{"GOOGLE_NODE_RUN_SCRIPTS":""},"buildName":"projects/1073869558746/locations/us-central1/builds/4e4c37cc-fe9c-4d66-bd15-6aa258d34cf2","dockerRegistry":"ARTIFACT_REGISTRY","automaticUpdatePolicy":{},"buildServiceAccount":"projects/visitor-management-f46e8/serviceAccounts/1073869558746-compute@developer.gserviceaccount.com"},"versionId":"3","updateTime":"2025-09-30T18:58:08Z","buildId":"6d83ea8b-0382-4969-a3b2-b6ded3201c5a","buildName":"projects/1073869558746/locations/us-central1/builds/6d83ea8b-0382-4969-a3b2-b6ded3201c5a"}}
[debug] [2025-09-30T18:58:46.257Z] [update-default-us-central1-addUserToFirestore] Retrying task index 0
[debug] [2025-09-30T18:58:46.257Z] Checked if tokens are valid: true, expires at: 1759262264561
[debug] [2025-09-30T18:58:46.257Z] Checked if tokens are valid: true, expires at: 1759262264561
[debug] [2025-09-30T18:58:46.257Z] >>> [apiv2][query] GET https://cloudfunctions.googleapis.com/v1/operations/dmlzaXRvci1tYW5hZ2VtZW50LWY0NmU4L3VzLWNlbnRyYWwxL2FkZFVzZXJUb0ZpcmVzdG9yZS9MT0xHUVExWjdyYw [none]
[debug] [2025-09-30T18:58:46.702Z] <<< [apiv2][status] GET https://cloudfunctions.googleapis.com/v1/operations/dmlzaXRvci1tYW5hZ2VtZW50LWY0NmU4L3VzLWNlbnRyYWwxL2FkZFVzZXJUb0ZpcmVzdG9yZS9MT0xHUVExWjdyYw 200
[debug] [2025-09-30T18:58:46.702Z] <<< [apiv2][body] GET https://cloudfunctions.googleapis.com/v1/operations/dmlzaXRvci1tYW5hZ2VtZW50LWY0NmU4L3VzLWNlbnRyYWwxL2FkZFVzZXJUb0ZpcmVzdG9yZS9MT0xHUVExWjdyYw {"name":"operations/dmlzaXRvci1tYW5hZ2VtZW50LWY0NmU4L3VzLWNlbnRyYWwxL2FkZFVzZXJUb0ZpcmVzdG9yZS9MT0xHUVExWjdyYw","metadata":{"@type":"type.googleapis.com/google.cloud.functions.v1.OperationMetadataV1","target":"projects/visitor-management-f46e8/locations/us-central1/functions/addUserToFirestore","type":"UPDATE_FUNCTION","request":{"@type":"type.googleapis.com/google.cloud.functions.v1.CloudFunction","name":"projects/visitor-management-f46e8/locations/us-central1/functions/addUserToFirestore","eventTrigger":{"eventType":"providers/firebase.auth/eventTypes/user.create","resource":"projects/visitor-management-f46e8","service":"firebaseauth.googleapis.com"},"status":"ACTIVE","entryPoint":"addUserToFirestore","updateTime":"2025-09-30T18:44:41.899Z","versionId":"2","labels":{"deployment-tool":"cli-firebase","firebase-functions-hash":"907c764a1a610f78b318e21ef24332da1cff170d"},"sourceUploadUrl":"https://storage.googleapis.com/uploads-399703953209.us-central1.cloudfunctions.appspot.com/6bb7fd73-2c29-4c77-83de-ab2e18812dbe.zip?GoogleAccessId=service-1073869558746@gcf-admin-robot.iam.gserviceaccount.com&Expires=1759260486&Signature=laxsnnfPdvUrQo73dAXwAUYCrGTJoeTKNhWjYpPkjOwZUJmcfsf0SOk7YGufcYmx27O6QCo8sNMjKICxr%2Frh631CakPErw9u9HqFwQjQ%2FrJsjviicOyuXxt3nDtXB8KWUuJ3%2BD7euxmbSV3W8yNwr2PSSkPtVbCj1qjFlHXLAo%2BcVPqq0MtxFaN9%2BL8VXvFnTEjcgX5HYRauND9B7rQfJG0NIe%2Fay2bea6Y5n4OK5JJ2S4BP%2BSCjddZZXRc5BQ5Z76QFiyCjbH75eR9x7gUFTc2ExHwbHKOxV4GuYYOQUFmB5Mu1Vwnp0P6cJK2GuYelTibKNUEmfPQuN6yU%2BJHmrA%3D%3D","environmentVariables":{"FIREBASE_CONFIG":"{\"projectId\":\"visitor-management-f46e8\",\"storageBucket\":\"visitor-management-f46e8.firebasestorage.app\"}","GCLOUD_PROJECT":"visitor-management-f46e8","EVENTARC_CLOUD_EVENT_SOURCE":"projects/visitor-management-f46e8/locations/us-central1/functions/addUserToFirestore"},"runtime":"nodejs20","buildId":"4e4c37cc-fe9c-4d66-bd15-6aa258d34cf2","buildEnvironmentVariables":{"GOOGLE_NODE_RUN_SCRIPTS":""},"buildName":"projects/1073869558746/locations/us-central1/builds/4e4c37cc-fe9c-4d66-bd15-6aa258d34cf2","dockerRegistry":"ARTIFACT_REGISTRY","automaticUpdatePolicy":{},"buildServiceAccount":"projects/visitor-management-f46e8/serviceAccounts/1073869558746-compute@developer.gserviceaccount.com"},"versionId":"3","updateTime":"2025-09-30T18:58:08Z","buildId":"6d83ea8b-0382-4969-a3b2-b6ded3201c5a","buildName":"projects/1073869558746/locations/us-central1/builds/6d83ea8b-0382-4969-a3b2-b6ded3201c5a"}}
